<?xml version="1.0" encoding="UTF-8"?>
<testsuite xmlns:xsi="http://www.w3.org/2001/XMLSchema-instance" xsi:noNamespaceSchemaLocation="https://maven.apache.org/surefire/maven-surefire-plugin/xsd/surefire-test-report-3.0.xsd" version="3.0" name="com.testEntity.ProduitDAOTest" time="0.355" tests="25" errors="0" skipped="0" failures="0">
  <properties>
[...]
</properties>
  <testcase name="testValeurTotal" classname="com.testEntity.ProduitDAOTest" time="0.003">
    <system-out><![CDATA[Tentative de suppression du produit: TEST_P001
Résultat de la suppression: 0
Tentative de suppression du produit: TEST_P001
Résultat de la suppression: 0
]]></system-out>
  </testcase>
  <testcase name="testGetProduit_ProduitExistant" classname="com.testEntity.ProduitDAOTest" time="0.012">
    <system-out><![CDATA[Tentative d'ajout du produit: TEST_P001
Résultat de l'exécution: 1
Tentative de suppression du produit: TEST_P001
Résultat de la suppression: 1
Tentative de suppression du produit: TEST_P001
Résultat de la suppression: 0
]]></system-out>
  </testcase>
  <testcase name="testGetAllProduit" classname="com.testEntity.ProduitDAOTest" time="0.005">
    <system-out><![CDATA[Tentative d'ajout du produit: TEST_P001
Résultat de l'exécution: 1
Tentative de suppression du produit: TEST_P001
Résultat de la suppression: 1
Tentative de suppression du produit: TEST_P001
Résultat de la suppression: 0
]]></system-out>
  </testcase>
  <testcase name="testGetProduit_ProduitInexistant" classname="com.testEntity.ProduitDAOTest" time="0.017">
    <system-out><![CDATA[Tentative de suppression du produit: TEST_P001
Résultat de la suppression: 0
Tentative de suppression du produit: TEST_P001
Résultat de la suppression: 0
]]></system-out>
  </testcase>
  <testcase name="testIsSortieStockExist" classname="com.testEntity.ProduitDAOTest" time="0.008">
    <system-out><![CDATA[Tentative de suppression du produit: TEST_P001
Résultat de la suppression: 0
Tentative de suppression du produit: TEST_P001
Résultat de la suppression: 0
]]></system-out>
  </testcase>
  <testcase name="testGetQuatiteFromE" classname="com.testEntity.ProduitDAOTest" time="0.007">
    <system-out><![CDATA[Tentative de suppression du produit: TEST_P001
Résultat de la suppression: 0
Tentative de suppression du produit: TEST_P001
Résultat de la suppression: 0
]]></system-out>
  </testcase>
  <testcase name="testGetQuatiteFromS" classname="com.testEntity.ProduitDAOTest" time="0.004">
    <system-out><![CDATA[Tentative de suppression du produit: TEST_P001
Résultat de la suppression: 0
Tentative de suppression du produit: TEST_P001
Résultat de la suppression: 0
]]></system-out>
  </testcase>
  <testcase name="testDeleteProduitNonExistent" classname="com.testEntity.ProduitDAOTest" time="0.002">
    <system-out><![CDATA[Tentative de suppression du produit: CODE_INEXISTANT
Résultat de la suppression: 0
Tentative de suppression du produit: TEST_P001
Résultat de la suppression: 0
Tentative de suppression du produit: TEST_P001
Résultat de la suppression: 0
]]></system-out>
  </testcase>
  <testcase name="testIsEntreeStockExist" classname="com.testEntity.ProduitDAOTest" time="0.002">
    <system-out><![CDATA[Tentative de suppression du produit: TEST_P001
Résultat de la suppression: 0
Tentative de suppression du produit: TEST_P001
Résultat de la suppression: 0
]]></system-out>
  </testcase>
  <testcase name="testFindByCodeNotExists" classname="com.testEntity.ProduitDAOTest" time="0.005">
    <system-out><![CDATA[Tentative de suppression du produit: TEST_P001
Résultat de la suppression: 0
Tentative de suppression du produit: TEST_P001
Résultat de la suppression: 0
]]></system-out>
  </testcase>
  <testcase name="testAddProduitWithInvalidCategory" classname="com.testEntity.ProduitDAOTest" time="0.118">
    <system-out><![CDATA[Tentative d'ajout du produit: NEW_CODE
Erreur dans addProduit: Cannot add or update a child row: a foreign key constraint fails (`gestionstock`.`produit`, CONSTRAINT `fk_produit` FOREIGN KEY (`categorie`) REFERENCES `categorie` (`id`) ON DELETE CASCADE ON UPDATE CASCADE)
Tentative de suppression du produit: TEST_P001
Résultat de la suppression: 0
Tentative de suppression du produit: TEST_P001
Résultat de la suppression: 0
]]></system-out>
    <system-err><![CDATA[java.sql.SQLIntegrityConstraintViolationException: Cannot add or update a child row: a foreign key constraint fails (`gestionstock`.`produit`, CONSTRAINT `fk_produit` FOREIGN KEY (`categorie`) REFERENCES `categorie` (`id`) ON DELETE CASCADE ON UPDATE CASCADE)
	at com.mysql.cj.jdbc.exceptions.SQLError.createSQLException(SQLError.java:118)
	at com.mysql.cj.jdbc.exceptions.SQLExceptionsMapping.translateException(SQLExceptionsMapping.java:122)
	at com.mysql.cj.jdbc.ClientPreparedStatement.executeInternal(ClientPreparedStatement.java:916)
	at com.mysql.cj.jdbc.ClientPreparedStatement.executeUpdateInternal(ClientPreparedStatement.java:1061)
	at com.mysql.cj.jdbc.ClientPreparedStatement.executeUpdateInternal(ClientPreparedStatement.java:1009)
	at com.mysql.cj.jdbc.ClientPreparedStatement.executeLargeUpdate(ClientPreparedStatement.java:1320)
	at com.mysql.cj.jdbc.ClientPreparedStatement.executeUpdate(ClientPreparedStatement.java:994)
	at entity.ProduitDAO.addProduit(ProduitDAO.java:58)
	at com.testEntity.ProduitDAOTest.testAddProduitWithInvalidCategory(ProduitDAOTest.java:84)
	at java.base/jdk.internal.reflect.DirectMethodHandleAccessor.invoke(DirectMethodHandleAccessor.java:103)
	at java.base/java.lang.reflect.Method.invoke(Method.java:580)
	at org.junit.runners.model.FrameworkMethod$1.runReflectiveCall(FrameworkMethod.java:59)
	at org.junit.internal.runners.model.ReflectiveCallable.run(ReflectiveCallable.java:12)
	at org.junit.runners.model.FrameworkMethod.invokeExplosively(FrameworkMethod.java:56)
	at org.junit.internal.runners.statements.InvokeMethod.evaluate(InvokeMethod.java:17)
	at org.junit.internal.runners.statements.RunBefores.evaluate(RunBefores.java:26)
	at org.junit.internal.runners.statements.RunAfters.evaluate(RunAfters.java:27)
	at org.junit.runners.ParentRunner$3.evaluate(ParentRunner.java:306)
	at org.junit.runners.BlockJUnit4ClassRunner$1.evaluate(BlockJUnit4ClassRunner.java:100)
	at org.junit.runners.ParentRunner.runLeaf(ParentRunner.java:366)
	at org.junit.runners.BlockJUnit4ClassRunner.runChild(BlockJUnit4ClassRunner.java:103)
	at org.junit.runners.BlockJUnit4ClassRunner.runChild(BlockJUnit4ClassRunner.java:63)
	at org.junit.runners.ParentRunner$4.run(ParentRunner.java:331)
	at org.junit.runners.ParentRunner$1.schedule(ParentRunner.java:79)
	at org.junit.runners.ParentRunner.runChildren(ParentRunner.java:329)
	at org.junit.runners.ParentRunner.access$100(ParentRunner.java:66)
	at org.junit.runners.ParentRunner$2.evaluate(ParentRunner.java:293)
	at org.junit.runners.ParentRunner$3.evaluate(ParentRunner.java:306)
	at org.junit.runners.ParentRunner.run(ParentRunner.java:413)
	at org.apache.maven.surefire.junit4.JUnit4Provider.execute(JUnit4Provider.java:316)
	at org.apache.maven.surefire.junit4.JUnit4Provider.executeWithRerun(JUnit4Provider.java:240)
	at org.apache.maven.surefire.junit4.JUnit4Provider.executeTestSet(JUnit4Provider.java:214)
	at org.apache.maven.surefire.junit4.JUnit4Provider.invoke(JUnit4Provider.java:155)
	at org.apache.maven.surefire.booter.ForkedBooter.runSuitesInProcess(ForkedBooter.java:385)
	at org.apache.maven.surefire.booter.ForkedBooter.execute(ForkedBooter.java:162)
	at org.apache.maven.surefire.booter.ForkedBooter.run(ForkedBooter.java:507)
	at org.apache.maven.surefire.booter.ForkedBooter.main(ForkedBooter.java:495)
]]></system-err>
  </testcase>
  <testcase name="testAddProduitSuccess" classname="com.testEntity.ProduitDAOTest" time="0.008">
    <system-out><![CDATA[Tentative d'ajout du produit: TEST_P001
Résultat de l'exécution: 1
Tentative de suppression du produit: TEST_P001
Résultat de la suppression: 1
Tentative de suppression du produit: TEST_P001
Résultat de la suppression: 0
]]></system-out>
  </testcase>
  <testcase name="testAddProduitWithNegativePrice" classname="com.testEntity.ProduitDAOTest" time="0.007">
    <system-out><![CDATA[Tentative de suppression du produit: TEST_P001
Résultat de la suppression: 0
Tentative de suppression du produit: TEST_P001
Résultat de la suppression: 0
]]></system-out>
  </testcase>
  <testcase name="testGetProduit_MultiplesProduitsMemeCode" classname="com.testEntity.ProduitDAOTest" time="0.004">
    <system-out><![CDATA[Tentative d'ajout du produit: TEST_P001
Résultat de l'exécution: 1
Le produit avec le code TEST_P001 existe déjà
Tentative de suppression du produit: TEST_P001
Résultat de la suppression: 1
Tentative de suppression du produit: TEST_P001
Résultat de la suppression: 0
]]></system-out>
  </testcase>
  <testcase name="testCheckProduitWithNullCode" classname="com.testEntity.ProduitDAOTest" time="0.003">
    <system-out><![CDATA[Tentative de suppression du produit: TEST_P001
Résultat de la suppression: 0
Tentative de suppression du produit: TEST_P001
Résultat de la suppression: 0
]]></system-out>
  </testcase>
  <testcase name="testFindByCodeExists" classname="com.testEntity.ProduitDAOTest" time="0.006">
    <system-out><![CDATA[Tentative d'ajout du produit: TEST_P001
Résultat de l'exécution: 1
Tentative de suppression du produit: TEST_P001
Résultat de la suppression: 1
Tentative de suppression du produit: TEST_P001
Résultat de la suppression: 0
]]></system-out>
  </testcase>
  <testcase name="testUpdateProduitWithInvalidCategory" classname="com.testEntity.ProduitDAOTest" time="0.056">
    <system-out><![CDATA[Tentative d'ajout du produit: TEST_P001
Résultat de l'exécution: 1
Tentative de mise à jour du produit: TEST_P001
Erreur dans updateProduit: Cannot add or update a child row: a foreign key constraint fails (`gestionstock`.`produit`, CONSTRAINT `fk_produit` FOREIGN KEY (`categorie`) REFERENCES `categorie` (`id`) ON DELETE CASCADE ON UPDATE CASCADE)
Tentative de suppression du produit: TEST_P001
Résultat de la suppression: 1
Tentative de suppression du produit: TEST_P001
Résultat de la suppression: 0
]]></system-out>
    <system-err><![CDATA[java.sql.SQLIntegrityConstraintViolationException: Cannot add or update a child row: a foreign key constraint fails (`gestionstock`.`produit`, CONSTRAINT `fk_produit` FOREIGN KEY (`categorie`) REFERENCES `categorie` (`id`) ON DELETE CASCADE ON UPDATE CASCADE)
	at com.mysql.cj.jdbc.exceptions.SQLError.createSQLException(SQLError.java:118)
	at com.mysql.cj.jdbc.exceptions.SQLExceptionsMapping.translateException(SQLExceptionsMapping.java:122)
	at com.mysql.cj.jdbc.ClientPreparedStatement.executeInternal(ClientPreparedStatement.java:916)
	at com.mysql.cj.jdbc.ClientPreparedStatement.executeUpdateInternal(ClientPreparedStatement.java:1061)
	at com.mysql.cj.jdbc.ClientPreparedStatement.executeUpdateInternal(ClientPreparedStatement.java:1009)
	at com.mysql.cj.jdbc.ClientPreparedStatement.executeLargeUpdate(ClientPreparedStatement.java:1320)
	at com.mysql.cj.jdbc.ClientPreparedStatement.executeUpdate(ClientPreparedStatement.java:994)
	at entity.ProduitDAO.updateProduit(ProduitDAO.java:82)
	at com.testEntity.ProduitDAOTest.testUpdateProduitWithInvalidCategory(ProduitDAOTest.java:131)
	at java.base/jdk.internal.reflect.DirectMethodHandleAccessor.invoke(DirectMethodHandleAccessor.java:103)
	at java.base/java.lang.reflect.Method.invoke(Method.java:580)
	at org.junit.runners.model.FrameworkMethod$1.runReflectiveCall(FrameworkMethod.java:59)
	at org.junit.internal.runners.model.ReflectiveCallable.run(ReflectiveCallable.java:12)
	at org.junit.runners.model.FrameworkMethod.invokeExplosively(FrameworkMethod.java:56)
	at org.junit.internal.runners.statements.InvokeMethod.evaluate(InvokeMethod.java:17)
	at org.junit.internal.runners.statements.RunBefores.evaluate(RunBefores.java:26)
	at org.junit.internal.runners.statements.RunAfters.evaluate(RunAfters.java:27)
	at org.junit.runners.ParentRunner$3.evaluate(ParentRunner.java:306)
	at org.junit.runners.BlockJUnit4ClassRunner$1.evaluate(BlockJUnit4ClassRunner.java:100)
	at org.junit.runners.ParentRunner.runLeaf(ParentRunner.java:366)
	at org.junit.runners.BlockJUnit4ClassRunner.runChild(BlockJUnit4ClassRunner.java:103)
	at org.junit.runners.BlockJUnit4ClassRunner.runChild(BlockJUnit4ClassRunner.java:63)
	at org.junit.runners.ParentRunner$4.run(ParentRunner.java:331)
	at org.junit.runners.ParentRunner$1.schedule(ParentRunner.java:79)
	at org.junit.runners.ParentRunner.runChildren(ParentRunner.java:329)
	at org.junit.runners.ParentRunner.access$100(ParentRunner.java:66)
	at org.junit.runners.ParentRunner$2.evaluate(ParentRunner.java:293)
	at org.junit.runners.ParentRunner$3.evaluate(ParentRunner.java:306)
	at org.junit.runners.ParentRunner.run(ParentRunner.java:413)
	at org.apache.maven.surefire.junit4.JUnit4Provider.execute(JUnit4Provider.java:316)
	at org.apache.maven.surefire.junit4.JUnit4Provider.executeWithRerun(JUnit4Provider.java:240)
	at org.apache.maven.surefire.junit4.JUnit4Provider.executeTestSet(JUnit4Provider.java:214)
	at org.apache.maven.surefire.junit4.JUnit4Provider.invoke(JUnit4Provider.java:155)
	at org.apache.maven.surefire.booter.ForkedBooter.runSuitesInProcess(ForkedBooter.java:385)
	at org.apache.maven.surefire.booter.ForkedBooter.execute(ForkedBooter.java:162)
	at org.apache.maven.surefire.booter.ForkedBooter.run(ForkedBooter.java:507)
	at org.apache.maven.surefire.booter.ForkedBooter.main(ForkedBooter.java:495)
]]></system-err>
  </testcase>
  <testcase name="testGetProduit_AvecCodeNull" classname="com.testEntity.ProduitDAOTest" time="0.008">
    <system-out><![CDATA[Tentative de suppression du produit: TEST_P001
Résultat de la suppression: 0
Tentative de suppression du produit: TEST_P001
Résultat de la suppression: 0
]]></system-out>
  </testcase>
  <testcase name="testGetTotalByCode" classname="com.testEntity.ProduitDAOTest" time="0.005">
    <system-out><![CDATA[Tentative de suppression du produit: TEST_P001
Résultat de la suppression: 0
Tentative de suppression du produit: TEST_P001
Résultat de la suppression: 0
]]></system-out>
  </testcase>
  <testcase name="testUpdateProduitSuccess" classname="com.testEntity.ProduitDAOTest" time="0.003">
    <system-out><![CDATA[Tentative d'ajout du produit: TEST_P001
Résultat de l'exécution: 1
Tentative de mise à jour du produit: TEST_P001
Résultat de la mise à jour: 1
Tentative de suppression du produit: TEST_P001
Résultat de la suppression: 1
Tentative de suppression du produit: TEST_P001
Résultat de la suppression: 0
]]></system-out>
  </testcase>
  <testcase name="testTotalProduit" classname="com.testEntity.ProduitDAOTest" time="0.005">
    <system-out><![CDATA[Tentative de suppression du produit: TEST_P001
Résultat de la suppression: 0
Tentative de suppression du produit: TEST_P001
Résultat de la suppression: 0
]]></system-out>
  </testcase>
  <testcase name="testUpdateProduitNonExistent" classname="com.testEntity.ProduitDAOTest" time="0.005">
    <system-out><![CDATA[Tentative de mise à jour du produit: CODE_INEXISTANT
Résultat de la mise à jour: 0
Tentative de suppression du produit: TEST_P001
Résultat de la suppression: 0
Tentative de suppression du produit: TEST_P001
Résultat de la suppression: 0
]]></system-out>
  </testcase>
  <testcase name="testCheckProduitNotExists" classname="com.testEntity.ProduitDAOTest" time="0.003">
    <system-out><![CDATA[Tentative de suppression du produit: TEST_P001
Résultat de la suppression: 0
Tentative de suppression du produit: TEST_P001
Résultat de la suppression: 0
]]></system-out>
  </testcase>
  <testcase name="testAddProduitDuplicate" classname="com.testEntity.ProduitDAOTest" time="0.011">
    <system-out><![CDATA[Tentative d'ajout du produit: TEST_P001
Résultat de l'exécution: 1
Le produit avec le code TEST_P001 existe déjà
Tentative de suppression du produit: TEST_P001
Résultat de la suppression: 1
Tentative de suppression du produit: TEST_P001
Résultat de la suppression: 0
]]></system-out>
  </testcase>
  <testcase name="testDeleteProduitSuccess" classname="com.testEntity.ProduitDAOTest" time="0.026">
    <system-out><![CDATA[Tentative d'ajout du produit: TEST_P001
Résultat de l'exécution: 1
Tentative de suppression du produit: TEST_P001
Résultat de la suppression: 1
Tentative de suppression du produit: TEST_P001
Résultat de la suppression: 0
Tentative de suppression du produit: TEST_P001
Résultat de la suppression: 0
]]></system-out>
  </testcase>
</testsuite>