<?xml version="1.0" encoding="UTF-8"?>
<testsuite xmlns:xsi="http://www.w3.org/2001/XMLSchema-instance" xsi:noNamespaceSchemaLocation="https://maven.apache.org/surefire/maven-surefire-plugin/xsd/surefire-test-report-3.0.xsd" version="3.0" name="com.testEntity.LoginControllerTest" time="8.708" tests="6" errors="0" skipped="0" failures="0">
  <properties>
[...]
</properties>
  <testcase name="testLoginSuccess_NominalCase" classname="com.testEntity.LoginControllerTest" time="1.236"/>
  <testcase name="testLoginFailure_WrongEmail" classname="com.testEntity.LoginControllerTest" time="2.86"/>
  <testcase name="testLoginFailure_UserNotExists" classname="com.testEntity.LoginControllerTest" time="0.703"/>
  <testcase name="testLoginFailure_NullPassword" classname="com.testEntity.LoginControllerTest" time="0.888"/>
  <testcase name="testLoginFailure_WrongPassword" classname="com.testEntity.LoginControllerTest" time="2.232"/>
  <testcase name="testLoginFailure_NullEmail" classname="com.testEntity.LoginControllerTest" time="0.786"/>
</testsuite>